net.core.rmem_max = 26214400
net.core.rmem_default = 26214400
net.core.optmem_max = 26214400
net.core.optmem_max = 26214400
net.core.netdev_max_backlog = 300000
rx unmodified, ignoring
no ring parameters changed, aborting
0000:02:00.0 @e6 2e
DMs: [ 45.  90. 135. 180. 225. 270. 315. 360. 405. 450. 495.]
0
diode enabled
diode disabled
1
diode enabled
diode disabled
2
diode enabled
diode disabled
3
Process tge:
Traceback (most recent call last):
  File "/usr/lib/python2.7/multiprocessing/process.py", line 267, in _bootstrap
    self.run()
  File "/usr/lib/python2.7/multiprocessing/process.py", line 114, in run
    self._target(*self._args, **self._kwargs)
  File "../codes/logger.py", line 48, in write_10gbe_rawdata
    pkt_size:   size to read in each iteration
IOError: [Errno 2] No such file or directory: '/run/media/roach/8bbbe707-69f2-4ddd-a9ad-1c51f43232d3/logger_dualpol_17_Jan/logs/2023-01-17 16:07:56.477996'
diode enabled
diode disabled
4
diode enabled
diode disabled
5
Process tge:
Traceback (most recent call last):
  File "/usr/lib/python2.7/multiprocessing/process.py", line 267, in _bootstrap
    self.run()
  File "/usr/lib/python2.7/multiprocessing/process.py", line 114, in run
    self._target(*self._args, **self._kwargs)
  File "../codes/logger.py", line 48, in write_10gbe_rawdata
    pkt_size:   size to read in each iteration
IOError: [Errno 2] No such file or directory: '/run/media/roach/8bbbe707-69f2-4ddd-a9ad-1c51f43232d3/logger_dualpol_17_Jan/logs/2023-01-17 16:12:00.561503'
diode enabled
diode disabled
6
Process tge:
Traceback (most recent call last):
  File "/usr/lib/python2.7/multiprocessing/process.py", line 267, in _bootstrap
    self.run()
  File "/usr/lib/python2.7/multiprocessing/process.py", line 114, in run
    self._target(*self._args, **self._kwargs)
  File "../codes/logger.py", line 48, in write_10gbe_rawdata
    pkt_size:   size to read in each iteration
IOError: [Errno 2] No such file or directory: '/run/media/roach/8bbbe707-69f2-4ddd-a9ad-1c51f43232d3/logger_dualpol_17_Jan/logs/2023-01-17 16:14:02.624427'
Terminated
